<?xml version="1.0" encoding="UTF-8"?>
<!-- Generated by org.testng.reporters.JUnitReportReporter -->
<testsuite skipped="0" hostname="ATMECSINLT-085" name="com.atmecs.sample.testscripts.TestNGMethod" tests="1" failures="0" timestamp="25 Oct 2019 13:17:20 GMT" time="18.007" errors="0">
  <testcase name="xmlsuite" time="18.007" classname="com.atmecs.sample.testscripts.TestNGMethod"/>
</testsuite> <!-- com.atmecs.sample.testscripts.TestNGMethod -->
